TN:
SF:src\advanced.js
FN:4,pow
FN:8,modulo
FN:14,selectionSort
FN:32,insertionSort
FNF:4
FNH:4
FNDA:2,pow
FNDA:2,modulo
FNDA:2,selectionSort
FNDA:2,insertionSort
DA:5,2
DA:9,2
DA:15,2
DA:16,2
DA:17,8
DA:18,8
DA:19,36
DA:20,8
DA:23,8
DA:25,6
DA:28,2
DA:33,2
DA:34,2
DA:35,8
DA:36,8
DA:37,8
DA:38,10
DA:39,10
DA:41,8
DA:43,2
DA:48,1
LF:21
LH:21
BRDA:19,0,0,8
BRDA:19,0,1,28
BRDA:23,1,0,6
BRDA:23,1,1,2
BRDA:37,2,0,18
BRDA:37,2,1,17
BRF:6
BRH:6
end_of_record
TN:
SF:src\basic.js
FN:2,add
FN:7,subtract
FN:12,multiply
FN:17,divide
FNF:4
FNH:4
FNDA:16,add
FNDA:16,subtract
FNDA:16,multiply
FNDA:16,divide
DA:3,16
DA:8,16
DA:13,16
DA:18,16
DA:22,1
LF:5
LH:5
BRF:0
BRH:0
end_of_record
