{"E:\\8th Semester\\Validation\\Lab\\Lab_03\\Calculator\\src\\basic.js": {"path":"E:\\8th Semester\\Validation\\Lab\\Lab_03\\Calculator\\src\\basic.js","statementMap":{"0":{"start":{"line":3,"column":4},"end":{"line":3,"column":17}},"1":{"start":{"line":8,"column":4},"end":{"line":8,"column":17}},"2":{"start":{"line":13,"column":4},"end":{"line":13,"column":17}},"3":{"start":{"line":18,"column":8},"end":{"line":18,"column":21}},"4":{"start":{"line":22,"column":0},"end":{"line":27,"column":1}}},"fnMap":{"0":{"name":"add","decl":{"start":{"line":2,"column":9},"end":{"line":2,"column":12}},"loc":{"start":{"line":2,"column":19},"end":{"line":4,"column":1}},"line":2},"1":{"name":"subtract","decl":{"start":{"line":7,"column":9},"end":{"line":7,"column":17}},"loc":{"start":{"line":7,"column":24},"end":{"line":9,"column":1}},"line":7},"2":{"name":"multiply","decl":{"start":{"line":12,"column":9},"end":{"line":12,"column":17}},"loc":{"start":{"line":12,"column":24},"end":{"line":14,"column":1}},"line":12},"3":{"name":"divide","decl":{"start":{"line":17,"column":9},"end":{"line":17,"column":15}},"loc":{"start":{"line":17,"column":22},"end":{"line":20,"column":1}},"line":17}},"branchMap":{},"s":{"0":16,"1":0,"2":0,"3":0,"4":1},"f":{"0":16,"1":0,"2":0,"3":0},"b":{},"_coverageSchema":"1a1c01bbd47fc00a2c39e90264f33305004495a9","hash":"0acc1cd69b9df255cef48da450ff929155707f50"}
}
